<?xml version="1.0" encoding="UTF-8"?><testsuite failures="0" name="cucumber.runtime.formatter.JUnitFormatter" skipped="0" tests="2" time="30.337897">
<testcase classname="Login Feature" name="Login with invalid credentials" time="16.477818">
<system-out><![CDATA[Given User is in Homepage...................................................passed
When User click on login icon...............................................passed
When User enter invalid userID and Password.................................passed
Then Unable to Login with Error Message.....................................passed
]]></system-out>
</testcase>
<testcase classname="Login Feature" name="Login with valid credentials" time="13.860079">
<system-out><![CDATA[Given User is in Homepage...................................................passed
When User click on login icon...............................................passed
When User enter valid userID and Password...................................passed
Then Unable to Login with Error Message.....................................passed
]]></system-out>
</testcase>
</testsuite>
